<?xml version="1.0" encoding="UTF-8"?>
<testng-results skipped="0" failed="0" total="1" passed="1">
  <reporter-output>
  </reporter-output>
  <suite name="Default suite" duration-ms="253432" started-at="2018-08-31T16:08:26Z" finished-at="2018-08-31T16:12:39Z">
    <groups>
    </groups>
    <test name="Default test" duration-ms="253432" started-at="2018-08-31T16:08:26Z" finished-at="2018-08-31T16:12:39Z">
      <class name="testcases.VerifyLoginPage">
        <test-method status="PASS" signature="setup()[pri:0, instance:testcases.VerifyLoginPage@6767c1fc]" name="setup" is-config="true" duration-ms="180320" started-at="2018-08-31T21:38:26Z" finished-at="2018-08-31T21:41:26Z">
          <reporter-output>
          </reporter-output>
        </test-method> <!-- setup -->
        <test-method status="PASS" signature="testLoginPage()[pri:0, instance:testcases.VerifyLoginPage@6767c1fc]" name="testLoginPage" duration-ms="70422" started-at="2018-08-31T21:41:26Z" finished-at="2018-08-31T21:42:36Z">
          <reporter-output>
          </reporter-output>
        </test-method> <!-- testLoginPage -->
        <test-method status="PASS" signature="tearDown(org.testng.ITestResult)[pri:0, instance:testcases.VerifyLoginPage@6767c1fc]" name="tearDown" is-config="true" duration-ms="2667" started-at="2018-08-31T21:42:36Z" finished-at="2018-08-31T21:42:39Z">
          <params>
            <param index="0">
              <value>
                <![CDATA[[TestResult name=testLoginPage status=SUCCESS method=VerifyLoginPage.testLoginPage()[pri:0, instance:testcases.VerifyLoginPage@6767c1fc] output={null}]]]>
              </value>
            </param>
          </params>
          <reporter-output>
          </reporter-output>
        </test-method> <!-- tearDown -->
      </class> <!-- testcases.VerifyLoginPage -->
    </test> <!-- Default test -->
  </suite> <!-- Default suite -->
</testng-results>
