<?xml version="1.0" encoding="UTF-8"?>
<!-- Generated by org.testng.reporters.JUnitXMLReporter -->
<testsuite hostname="Shivam" name="SmokeScenarios" tests="2" failures="1" timestamp="24 Aug 2018 17:14:32 GMT" time="47.383" errors="0">
  <testcase name="testLoginPage" time="0.07" classname="testcases.VerifyLoginPage">
    <failure type="java.lang.NullPointerException">
      <![CDATA[java.lang.NullPointerException
	at dataProvider.ExcelDataProvider.getData(ExcelDataProvider.java:26)
	at testcases.VerifyLoginPage.testLoginPage(VerifyLoginPage.java:48)
... Removed 24 stack frames]]>
    </failure>
  </testcase> <!-- testLoginPage -->
  <testcase name="testHomePage" time="0.062" classname="testcases.VerifyHomePage"/>
</testsuite> <!-- SmokeScenarios -->
